<?xml version="1.0" encoding="UTF-8"?>
<testng-results ignored="0" total="1" passed="1" failed="0" skipped="0">
  <reporter-output>
  </reporter-output>
  <suite started-at="2021-05-03T07:56:42Z" name="Default suite" finished-at="2021-05-03T07:57:08Z" duration-ms="26571">
    <groups>
    </groups>
    <test started-at="2021-05-03T07:56:42Z" name="Default test" finished-at="2021-05-03T07:57:08Z" duration-ms="26571">
      <class name="testScripts.FBLike">
        <test-method is-config="true" signature="openApp()[pri:0, instance:testScripts.FBLike@4009e306]" started-at="2021-05-03T07:56:42Z" name="openApp" finished-at="2021-05-03T07:56:49Z" duration-ms="7039" status="PASS">
          <reporter-output>
          </reporter-output>
        </test-method> <!-- openApp -->
        <test-method signature="tc3()[pri:0, instance:testScripts.FBLike@4009e306]" started-at="2021-05-03T07:56:49Z" name="tc3" finished-at="2021-05-03T07:57:07Z" duration-ms="18293" status="PASS">
          <reporter-output>
          </reporter-output>
        </test-method> <!-- tc3 -->
        <test-method is-config="true" signature="closeApp(org.testng.ITestResult)[pri:0, instance:testScripts.FBLike@4009e306]" started-at="2021-05-03T07:57:07Z" name="closeApp" finished-at="2021-05-03T07:57:08Z" duration-ms="1202" status="PASS">
          <params>
            <param index="0">
              <value>
                <![CDATA[[TestResult name=tc3 status=SUCCESS method=FBLike.tc3()[pri:0, instance:testScripts.FBLike@4009e306] output={null}]]]>
              </value>
            </param>
          </params>
          <reporter-output>
          </reporter-output>
        </test-method> <!-- closeApp -->
      </class> <!-- testScripts.FBLike -->
    </test> <!-- Default test -->
  </suite> <!-- Default suite -->
</testng-results>
